
> proto@1.0.0 start
> http-server

Starting up http-server, serving ./public

http-server version: 14.1.1

http-server settings: 
CORS: disabled
Cache: 3600 seconds
Connection Timeout: 120 seconds
Directory Listings: visible
AutoIndex: visible
Serve GZIP Files: false
Serve Brotli Files: false
Default File Extension: none

Available on:
  http://127.0.0.1:8082
  http://10.0.1.7:8082
Hit CTRL-C to stop the server

[Thu Oct 17 2024 22:36:08 GMT+0000 (Coordinated Universal Time)]  "GET /" "undefined"
(node:62141) [DEP0066] DeprecationWarning: OutgoingMessage.prototype._headers is deprecated
(Use `node --trace-deprecation ...` to show where the warning was created)
[Thu Oct 17 2024 22:36:20 GMT+0000 (Coordinated Universal Time)]  "GET /" "Mozilla/5.0 (compatible; CensysInspect/1.1; +https://about.censys.io/)"
[Thu Oct 17 2024 22:36:22 GMT+0000 (Coordinated Universal Time)]  "GET /favicon.ico" "Mozilla/5.0 (compatible; CensysInspect/1.1; +https://about.censys.io/)"
[Thu Oct 17 2024 22:36:22 GMT+0000 (Coordinated Universal Time)]  "GET /favicon.ico" Error (404): "Not found"

> proto@1.0.0 start
> http-server -p 3000

Starting up http-server, serving ./public

http-server version: 14.1.1

http-server settings: 
CORS: disabled
Cache: 3600 seconds
Connection Timeout: 120 seconds
Directory Listings: visible
AutoIndex: visible
Serve GZIP Files: false
Serve Brotli Files: false
Default File Extension: none

Available on:
  http://127.0.0.1:3000
  http://10.0.1.7:3000
Hit CTRL-C to stop the server

